<?xml version="1.0" encoding="UTF-8"?>
<!-- Generated by org.testng.reporters.JUnitReportReporter -->
<testsuite hostname="DESKTOP-LI52N3A" failures="0" tests="1" name="testscript.Login_Flow" time="28.417" errors="0" timestamp="2021-04-22T15:16:32 IST" skipped="0">
  <testcase classname="testscript.Login_Flow" name="Physician_Valid_Login" time="28.417"/>
  <system-out/>
</testsuite> <!-- testscript.Login_Flow -->
